<?xml version="1.0" encoding="utf-8" standalone="no"?>
<!--This file represents the results of running a test suite-->
<test-results name="ExcelMapper.Tests.dll" total="26" failures="0" not-run="0" date="2009-05-07" time="14:45:32">
  <environment nunit-version="2.4.8.0" clr-version="2.0.50727.3074" os-version="Microsoft Windows NT 6.0.6001 Service Pack 1" platform="Win32NT" cwd="C:\Users\sshetty\Desktop\ExcelMapper\build" machine-name="SHETTY" user="sshetty" user-domain="NOTESVR" />
  <culture-info current-culture="en-US" current-uiculture="en-US" />
  <test-suite name="ExcelMapper.Tests.dll" success="True" time="1.393" asserts="0">
    <results>
      <test-suite name="ExcelMapper" success="True" time="1.391" asserts="0">
        <results>
          <test-suite name="Tests" success="True" time="1.391" asserts="0">
            <results>
              <test-suite name="ExcelToDTOMapperTests+When_asked_to_convert_excel_worksheets_to_DTO" success="True" time="0.266" asserts="0">
                <results>
                  <test-case name="ExcelMapper.Tests.ExcelToDTOMapperTests+When_asked_to_convert_excel_worksheets_to_DTO.Should_create_one_dto_for_each_of_the_worksheet" executed="True" success="True" time="0.248" asserts="1" />
                  <test-case name="ExcelMapper.Tests.ExcelToDTOMapperTests+When_asked_to_convert_excel_worksheets_to_DTO.Should_not_create_an_assembly_if_the_compile_fails" executed="True" success="True" time="0.004" asserts="1" />
                  <test-case name="ExcelMapper.Tests.ExcelToDTOMapperTests+When_asked_to_convert_excel_worksheets_to_DTO.Should_not_create_dto_if_there_are_no_properties" executed="True" success="True" time="0.002" asserts="1" />
                  <test-case name="ExcelMapper.Tests.ExcelToDTOMapperTests+When_asked_to_convert_excel_worksheets_to_DTO.Should_not_create_dto_if_there_are_no_propertyTypes" executed="True" success="True" time="0.002" asserts="1" />
                </results>
              </test-suite>
              <test-suite name="Extensions" success="True" time="0.072" asserts="0">
                <results>
                  <test-suite name="ExtensionTests+When_asked_to_get_a_value_from_the_datareader" success="True" time="0.072" asserts="0">
                    <results>
                      <test-case name="ExcelMapper.Tests.Extensions.ExtensionTests+When_asked_to_get_a_value_from_the_datareader.Should_give_the_default_value_if_the_value_is_null" executed="True" success="True" time="0.069" asserts="1" />
                      <test-case name="ExcelMapper.Tests.Extensions.ExtensionTests+When_asked_to_get_a_value_from_the_datareader.Should_give_the_value" executed="True" success="True" time="0.003" asserts="1" />
                    </results>
                  </test-suite>
                </results>
              </test-suite>
              <test-suite name="Repository" success="True" time="0.865" asserts="0">
                <results>
                  <test-suite name="Connection" success="True" time="0.268" asserts="0">
                    <results>
                      <test-suite name="ConnectionStringTests+When_given_an_excel_file" success="True" time="0.005" asserts="0">
                        <results>
                          <test-case name="ExcelMapper.Tests.Repository.Connection.ConnectionStringTests+When_given_an_excel_file.Should_return_the_connection_string_for_xls_file_extension" executed="True" success="True" time="0.001" asserts="1" />
                          <test-case name="ExcelMapper.Tests.Repository.Connection.ConnectionStringTests+When_given_an_excel_file.Should_return_the_connection_string_for_xlsx_file_extension" executed="True" success="True" time="0.000" asserts="1" />
                          <test-case name="ExcelMapper.Tests.Repository.Connection.ConnectionStringTests+When_given_an_excel_file.Should_throw_an_exception_for_an_unknown_file_extension" executed="True" success="True" time="0.002" asserts="0" />
                        </results>
                      </test-suite>
                      <test-suite name="ConnectionTests+When_asked_for_a_connection" success="True" time="0.261" asserts="0">
                        <results>
                          <test-case name="ExcelMapper.Tests.Repository.Connection.ConnectionTests+When_asked_for_a_connection.Should_open_a_new_OleDbConnection" executed="True" success="True" time="0.261" asserts="2" />
                        </results>
                      </test-suite>
                    </results>
                  </test-suite>
                  <test-suite name="ExcelRepositoryTests+When_given_a_excel_file_name_and_worksheet_name" success="True" time="0.392" asserts="0">
                    <results>
                      <test-case name="ExcelMapper.Tests.Repository.ExcelRepositoryTests+When_given_a_excel_file_name_and_worksheet_name.Should_map_the_excel_columns_to_the_given_dto_object" executed="True" success="True" time="0.216" asserts="5" />
                      <test-case name="ExcelMapper.Tests.Repository.ExcelRepositoryTests+When_given_a_excel_file_name_and_worksheet_name.Should_return_dto_objects_for_each_row_in_the_Xls_worksheet" executed="True" success="True" time="0.072" asserts="2" />
                      <test-case name="ExcelMapper.Tests.Repository.ExcelRepositoryTests+When_given_a_excel_file_name_and_worksheet_name.Should_return_dto_objects_for_each_row_in_the_Xlsx_worksheet" executed="True" success="True" time="0.102" asserts="2" />
                    </results>
                  </test-suite>
                  <test-suite name="ExcelRepositoryTests+When_given_a_WorkSheet" success="True" time="0.053" asserts="0">
                    <results>
                      <test-case name="ExcelMapper.Tests.Repository.ExcelRepositoryTests+When_given_a_WorkSheet.Should_return_Class_Properties_object_that_includes_all_the_properties_in_the_class" executed="True" success="True" time="0.053" asserts="4" />
                    </results>
                  </test-suite>
                  <test-suite name="ExcelRepositoryTests+When_given_an_Excel_File" success="True" time="0.149" asserts="0">
                    <results>
                      <test-case name="ExcelMapper.Tests.Repository.ExcelRepositoryTests+When_given_an_Excel_File.Should_give_the_list_of_WorkSheets_in_the_excel" executed="True" success="True" time="0.148" asserts="2" />
                    </results>
                  </test-suite>
                </results>
              </test-suite>
              <test-suite name="Service" success="True" time="0.176" asserts="0">
                <results>
                  <test-suite name="AssemblyGeneratorTests+When_given_a_list_of_class_files" success="True" time="0.160" asserts="0">
                    <results>
                      <test-case name="ExcelMapper.Tests.Service.AssemblyGeneratorTests+When_given_a_list_of_class_files.Should_generate_an_assembly" executed="True" success="True" time="0.099" asserts="2" />
                      <test-case name="ExcelMapper.Tests.Service.AssemblyGeneratorTests+When_given_a_list_of_class_files.Should_generate_an_errorLog_if_it_cannot_compile_the_assembly" executed="True" success="True" time="0.060" asserts="2" />
                    </results>
                  </test-suite>
                  <test-suite name="ClassFileGeneratorTests+When_asked_to_generate_a_class_file" success="True" time="0.001" asserts="0">
                    <results>
                      <test-case name="ExcelMapper.Tests.Service.ClassFileGeneratorTests+When_asked_to_generate_a_class_file.Should_create_a_class_file" executed="True" success="True" time="0.001" asserts="1" />
                    </results>
                  </test-suite>
                  <test-suite name="FileService" success="True" time="0.012" asserts="0">
                    <results>
                      <test-suite name="FileSystemServiceTests+When_asked_for_filepath" success="True" time="0.001" asserts="0">
                        <results>
                          <test-case name="ExcelMapper.Tests.Service.FileService.FileSystemServiceTests+When_asked_for_filepath.Should_give_the_filename_if_the_directory_is_null_or_empty" executed="True" success="True" time="0.001" asserts="1" />
                          <test-case name="ExcelMapper.Tests.Service.FileService.FileSystemServiceTests+When_asked_for_filepath.Should_return_the_directory_filename_combination_path" executed="True" success="True" time="0.000" asserts="1" />
                        </results>
                      </test-suite>
                      <test-suite name="FileSystemServiceTests+When_asked_to_delete_a_file" success="True" time="0.001" asserts="0">
                        <results>
                          <test-case name="ExcelMapper.Tests.Service.FileService.FileSystemServiceTests+When_asked_to_delete_a_file.Should_delete_the_file" executed="True" success="True" time="0.001" asserts="1" />
                        </results>
                      </test-suite>
                      <test-suite name="FileSystemServiceTests+When_given_a_directory" success="True" time="0.004" asserts="0">
                        <results>
                          <test-case name="ExcelMapper.Tests.Service.FileService.FileSystemServiceTests+When_given_a_directory.Should_give_the_list_of_files_within_the_directory" executed="True" success="True" time="0.002" asserts="1" />
                          <test-case name="ExcelMapper.Tests.Service.FileService.FileSystemServiceTests+When_given_a_directory.Should_return_files_in_current_working_directory_if_directory_name_is_null_or_empty" executed="True" success="True" time="0.000" asserts="1" />
                        </results>
                      </test-suite>
                      <test-suite name="FileWriterTests+When_asked_to_close_the_file" success="True" time="0.001" asserts="0">
                        <results>
                          <test-case name="ExcelMapper.Tests.Service.FileService.FileWriterTests+When_asked_to_close_the_file.Should_dispose_the_handle_to_the_file" executed="True" success="True" time="0.001" asserts="0" />
                        </results>
                      </test-suite>
                      <test-suite name="FileWriterTests+When_asked_to_create_a_file" success="True" time="0.001" asserts="0">
                        <results>
                          <test-case name="ExcelMapper.Tests.Service.FileService.FileWriterTests+When_asked_to_create_a_file.Should_create_a_file_with_the_right_access_rights_and_mode" executed="True" success="True" time="0.001" asserts="1" />
                        </results>
                      </test-suite>
                      <test-suite name="FileWriterTests+When_given_a_string" success="True" time="0.001" asserts="0">
                        <results>
                          <test-case name="ExcelMapper.Tests.Service.FileService.FileWriterTests+When_given_a_string.Should_write_the_string_in_the_file" executed="True" success="True" time="0.001" asserts="1" />
                        </results>
                      </test-suite>
                    </results>
                  </test-suite>
                </results>
              </test-suite>
            </results>
          </test-suite>
        </results>
      </test-suite>
    </results>
  </test-suite>
</test-results>